<?xml version="1.0" encoding="UTF-8"?>
<testsuite name="com.playkids.billingservice.http.BaseTestControllerTest" tests="2" skipped="0" failures="0" errors="0" timestamp="2021-05-04T00:12:12" hostname="MacBook-Pro-de-Alfaville.local" time="0.12">
  <properties/>
  <testcase name="Get All People By Page And Return Success()" classname="com.playkids.billingservice.http.BaseTestControllerTest" time="0.097"/>
  <testcase name="Get Hello world And Return Not found()" classname="com.playkids.billingservice.http.BaseTestControllerTest" time="0.021"/>
  <system-out><![CDATA[21:12:06.834 [Test worker] DEBUG org.springframework.test.context.BootstrapUtils - Instantiating CacheAwareContextLoaderDelegate from class [org.springframework.test.context.cache.DefaultCacheAwareContextLoaderDelegate]
21:12:06.891 [Test worker] DEBUG org.springframework.test.context.BootstrapUtils - Instantiating BootstrapContext using constructor [public org.springframework.test.context.support.DefaultBootstrapContext(java.lang.Class,org.springframework.test.context.CacheAwareContextLoaderDelegate)]
21:12:06.967 [Test worker] DEBUG org.springframework.test.context.BootstrapUtils - Instantiating TestContextBootstrapper for test class [com.playkids.billingservice.http.BaseTestControllerTest] from class [org.springframework.boot.test.autoconfigure.web.servlet.WebMvcTestContextBootstrapper]
21:12:06.988 [Test worker] INFO org.springframework.boot.test.autoconfigure.web.servlet.WebMvcTestContextBootstrapper - Neither @ContextConfiguration nor @ContextHierarchy found for test class [com.playkids.billingservice.http.BaseTestControllerTest], using SpringBootContextLoader
21:12:06.995 [Test worker] DEBUG org.springframework.test.context.support.AbstractContextLoader - Did not detect default resource location for test class [com.playkids.billingservice.http.BaseTestControllerTest]: class path resource [com/playkids/billingservice/http/BaseTestControllerTest-context.xml] does not exist
21:12:06.996 [Test worker] DEBUG org.springframework.test.context.support.AbstractContextLoader - Did not detect default resource location for test class [com.playkids.billingservice.http.BaseTestControllerTest]: class path resource [com/playkids/billingservice/http/BaseTestControllerTestContext.groovy] does not exist
21:12:06.996 [Test worker] INFO org.springframework.test.context.support.AbstractContextLoader - Could not detect default resource locations for test class [com.playkids.billingservice.http.BaseTestControllerTest]: no resource found for suffixes {-context.xml, Context.groovy}.
21:12:06.998 [Test worker] DEBUG org.springframework.test.context.support.AnnotationConfigContextLoaderUtils - Ignoring class [com.playkids.billingservice.http.BaseTestControllerTest$Companion]; it must be static, non-private, non-final, and annotated with @Configuration to be considered a default configuration class.
21:12:06.998 [Test worker] INFO org.springframework.test.context.support.AnnotationConfigContextLoaderUtils - Could not detect default configuration classes for test class [com.playkids.billingservice.http.BaseTestControllerTest]: BaseTestControllerTest does not declare any static, non-private, non-final, nested classes annotated with @Configuration.
21:12:07.103 [Test worker] DEBUG org.springframework.test.context.support.ActiveProfilesUtils - Could not find an 'annotation declaring class' for annotation type [org.springframework.test.context.ActiveProfiles] and class [com.playkids.billingservice.http.BaseTestControllerTest]
21:12:07.164 [Test worker] DEBUG org.springframework.context.annotation.ClassPathScanningCandidateComponentProvider - Identified candidate component class: file [/Users/alfaville/workspace/poc/gitworkflow-ci-cd-poc/build/classes/kotlin/main/com/playkids/billingservice/BillingApplication.class]
21:12:07.165 [Test worker] INFO org.springframework.boot.test.context.SpringBootTestContextBootstrapper - Found @SpringBootConfiguration com.playkids.billingservice.BillingApplication for test class com.playkids.billingservice.http.BaseTestControllerTest
21:12:07.171 [Test worker] DEBUG org.springframework.boot.test.autoconfigure.web.servlet.WebMvcTestContextBootstrapper - @TestExecutionListeners is not present for class [com.playkids.billingservice.http.BaseTestControllerTest]: using defaults.
21:12:07.172 [Test worker] INFO org.springframework.boot.test.autoconfigure.web.servlet.WebMvcTestContextBootstrapper - Loaded default TestExecutionListener class names from location [META-INF/spring.factories]: [org.springframework.boot.test.autoconfigure.restdocs.RestDocsTestExecutionListener, org.springframework.boot.test.autoconfigure.web.client.MockRestServiceServerResetTestExecutionListener, org.springframework.boot.test.autoconfigure.web.servlet.MockMvcPrintOnlyOnFailureTestExecutionListener, org.springframework.boot.test.autoconfigure.web.servlet.WebDriverTestExecutionListener, org.springframework.boot.test.autoconfigure.webservices.client.MockWebServiceServerTestExecutionListener, org.springframework.boot.test.mock.mockito.MockitoTestExecutionListener, org.springframework.boot.test.mock.mockito.ResetMocksTestExecutionListener, org.springframework.test.context.web.ServletTestExecutionListener, org.springframework.test.context.support.DirtiesContextBeforeModesTestExecutionListener, org.springframework.test.context.event.ApplicationEventsTestExecutionListener, org.springframework.test.context.support.DependencyInjectionTestExecutionListener, org.springframework.test.context.support.DirtiesContextTestExecutionListener, org.springframework.test.context.transaction.TransactionalTestExecutionListener, org.springframework.test.context.jdbc.SqlScriptsTestExecutionListener, org.springframework.test.context.event.EventPublishingTestExecutionListener]
21:12:07.204 [Test worker] INFO org.springframework.boot.test.autoconfigure.web.servlet.WebMvcTestContextBootstrapper - Using TestExecutionListeners: [org.springframework.test.context.web.ServletTestExecutionListener@6f22a129, org.springframework.test.context.support.DirtiesContextBeforeModesTestExecutionListener@62b5fbfd, org.springframework.test.context.event.ApplicationEventsTestExecutionListener@78ba7723, org.springframework.boot.test.mock.mockito.MockitoTestExecutionListener@436d6f44, org.springframework.boot.test.autoconfigure.SpringBootDependencyInjectionTestExecutionListener@39bcb5e9, org.springframework.test.context.support.DirtiesContextTestExecutionListener@749bcb30, org.springframework.test.context.transaction.TransactionalTestExecutionListener@5fb3a9ef, org.springframework.test.context.jdbc.SqlScriptsTestExecutionListener@770cfa12, org.springframework.test.context.event.EventPublishingTestExecutionListener@2bc30ae7, org.springframework.boot.test.autoconfigure.restdocs.RestDocsTestExecutionListener@1ab86e4, org.springframework.boot.test.autoconfigure.web.client.MockRestServiceServerResetTestExecutionListener@4395bbef, org.springframework.boot.test.autoconfigure.web.servlet.MockMvcPrintOnlyOnFailureTestExecutionListener@53d905e5, org.springframework.boot.test.autoconfigure.web.servlet.WebDriverTestExecutionListener@607eb94b, org.springframework.boot.test.autoconfigure.webservices.client.MockWebServiceServerTestExecutionListener@3d3f9f06, org.springframework.boot.test.mock.mockito.ResetMocksTestExecutionListener@539b118d]
21:12:07.210 [Test worker] DEBUG org.springframework.test.context.support.AbstractDirtiesContextTestExecutionListener - Before test class: context [DefaultTestContext@3bbd726a testClass = BaseTestControllerTest, testInstance = [null], testMethod = [null], testException = [null], mergedContextConfiguration = [WebMergedContextConfiguration@5e191f29 testClass = BaseTestControllerTest, locations = '{}', classes = '{class com.playkids.billingservice.BillingApplication}', contextInitializerClasses = '[]', activeProfiles = '{}', propertySourceLocations = '{}', propertySourceProperties = '{org.springframework.boot.test.autoconfigure.web.servlet.WebMvcTestContextBootstrapper=true}', contextCustomizers = set[org.springframework.boot.test.autoconfigure.OverrideAutoConfigurationContextCustomizerFactory$DisableAutoConfigurationContextCustomizer@5e8fcda1, org.springframework.boot.test.autoconfigure.actuate.metrics.MetricsExportContextCustomizerFactory$DisableMetricExportContextCustomizer@5bafc83b, org.springframework.boot.test.autoconfigure.filter.TypeExcludeFiltersContextCustomizer@a020134d, org.springframework.boot.test.autoconfigure.properties.PropertyMappingContextCustomizer@1d81316c, org.springframework.boot.test.autoconfigure.web.servlet.WebDriverContextCustomizerFactory$Customizer@7bc8760, [ImportsContextCustomizer@b627536 key = [org.springframework.boot.autoconfigure.cache.CacheAutoConfiguration, org.springframework.boot.autoconfigure.context.MessageSourceAutoConfiguration, org.springframework.boot.autoconfigure.data.web.SpringDataWebAutoConfiguration, org.springframework.boot.autoconfigure.freemarker.FreeMarkerAutoConfiguration, org.springframework.boot.autoconfigure.groovy.template.GroovyTemplateAutoConfiguration, org.springframework.boot.autoconfigure.gson.GsonAutoConfiguration, org.springframework.boot.autoconfigure.hateoas.HypermediaAutoConfiguration, org.springframework.boot.autoconfigure.http.HttpMessageConvertersAutoConfiguration, org.springframework.boot.autoconfigure.jackson.JacksonAutoConfiguration, org.springframework.boot.autoconfigure.jsonb.JsonbAutoConfiguration, org.springframework.boot.autoconfigure.mustache.MustacheAutoConfiguration, org.springframework.boot.autoconfigure.task.TaskExecutionAutoConfiguration, org.springframework.boot.autoconfigure.thymeleaf.ThymeleafAutoConfiguration, org.springframework.boot.autoconfigure.validation.ValidationAutoConfiguration, org.springframework.boot.autoconfigure.web.servlet.error.ErrorMvcAutoConfiguration, org.springframework.boot.autoconfigure.web.servlet.HttpEncodingAutoConfiguration, org.springframework.boot.autoconfigure.web.servlet.WebMvcAutoConfiguration, org.springframework.boot.test.autoconfigure.web.servlet.MockMvcAutoConfiguration, org.springframework.boot.test.autoconfigure.web.servlet.MockMvcWebClientAutoConfiguration, org.springframework.boot.test.autoconfigure.web.servlet.MockMvcWebDriverAutoConfiguration, org.springframework.boot.autoconfigure.security.oauth2.client.servlet.OAuth2ClientAutoConfiguration, org.springframework.boot.autoconfigure.security.oauth2.resource.servlet.OAuth2ResourceServerAutoConfiguration, org.springframework.boot.autoconfigure.security.servlet.SecurityAutoConfiguration, org.springframework.boot.autoconfigure.security.servlet.SecurityFilterAutoConfiguration, org.springframework.boot.autoconfigure.security.servlet.UserDetailsServiceAutoConfiguration, org.springframework.boot.test.autoconfigure.web.servlet.MockMvcSecurityConfiguration]], org.springframework.boot.test.context.filter.ExcludeFilterContextCustomizer@78d0ca11, org.springframework.boot.test.json.DuplicateJsonObjectContextCustomizerFactory$DuplicateJsonObjectContextCustomizer@e19ed46, org.springframework.boot.test.mock.mockito.MockitoContextCustomizer@184c4177, org.springframework.boot.test.context.SpringBootTestArgs@1, org.springframework.boot.test.context.SpringBootTestWebEnvironment@0], resourceBasePath = 'src/main/webapp', contextLoader = 'org.springframework.boot.test.context.SpringBootContextLoader', parent = [null]], attributes = map[[empty]]], class annotated with @DirtiesContext [false] with mode [null].
21:12:07.267 [Test worker] DEBUG org.springframework.test.context.support.TestPropertySourceUtils - Adding inlined properties to environment: {spring.jmx.enabled=false, org.springframework.boot.test.autoconfigure.web.servlet.WebMvcTestContextBootstrapper=true}

  .   ____          _            __ _ _
 /\\ / ___'_ __ _ _(_)_ __  __ _ \ \ \ \
( ( )\___ | '_ | '_| | '_ \/ _` | \ \ \ \
 \\/  ___)| |_)| | | | | || (_| |  ) ) ) )
  '  |____| .__|_| |_|_| |_\__, | / / / /
 =========|_|==============|___/=/_/_/_/
 :: Spring Boot ::                (v2.4.5)

2021-05-03 21:12:07.932  INFO 16660 --- [    Test worker] c.p.b.http.BaseTestControllerTest        : Starting BaseTestControllerTest using Java 11.0.11 on MacBook-Pro-de-Alfaville.local with PID 16660 (started by alfaville in /Users/alfaville/workspace/poc/gitworkflow-ci-cd-poc)
2021-05-03 21:12:07.936  INFO 16660 --- [    Test worker] c.p.b.http.BaseTestControllerTest        : No active profile set, falling back to default profiles: default
2021-05-03 21:12:08.189  WARN 16660 --- [kground-preinit] o.s.h.c.j.Jackson2ObjectMapperBuilder    : For Jackson Kotlin classes support please add "com.fasterxml.jackson.module:jackson-module-kotlin" to the classpath
2021-05-03 21:12:11.264  INFO 16660 --- [    Test worker] o.s.s.concurrent.ThreadPoolTaskExecutor  : Initializing ExecutorService 'applicationTaskExecutor'
2021-05-03 21:12:12.055  INFO 16660 --- [    Test worker] o.s.b.t.m.w.SpringBootMockServletContext : Initializing Spring TestDispatcherServlet ''
2021-05-03 21:12:12.056  INFO 16660 --- [    Test worker] o.s.t.web.servlet.TestDispatcherServlet  : Initializing Servlet ''
2021-05-03 21:12:12.057  INFO 16660 --- [    Test worker] o.s.t.web.servlet.TestDispatcherServlet  : Completed initialization in 1 ms
2021-05-03 21:12:12.096  INFO 16660 --- [    Test worker] c.p.b.http.BaseTestControllerTest        : Started BaseTestControllerTest in 4.818 seconds (JVM running for 6.554)

MockHttpServletRequest:
      HTTP Method = GET
      Request URI = /test/v1
       Parameters = {}
          Headers = [Content-Type:"application/json;charset=UTF-8", Accept:"application/json"]
             Body = null
    Session Attrs = {}

Handler:
             Type = com.playkids.billingservice.api.rest.BaseTestController
           Method = com.playkids.billingservice.api.rest.BaseTestController#getHelloWorld()

Async:
    Async started = false
     Async result = null

Resolved Exception:
             Type = null

ModelAndView:
        View name = null
             View = null
            Model = null

FlashMap:
       Attributes = null

MockHttpServletResponse:
           Status = 200
    Error message = null
          Headers = [Content-Type:"application/json", Content-Length:"12"]
     Content type = application/json
             Body = Hello World!
    Forwarded URL = null
   Redirected URL = null
          Cookies = []

MockHttpServletRequest:
      HTTP Method = GET
      Request URI = /test/v1/999
       Parameters = {}
          Headers = [Content-Type:"application/json;charset=UTF-8", Accept:"application/json"]
             Body = null
    Session Attrs = {}

Handler:
             Type = org.springframework.web.servlet.resource.ResourceHttpRequestHandler

Async:
    Async started = false
     Async result = null

Resolved Exception:
             Type = null

ModelAndView:
        View name = null
             View = null
            Model = null

FlashMap:
       Attributes = null

MockHttpServletResponse:
           Status = 404
    Error message = null
          Headers = [Vary:"Origin", "Access-Control-Request-Method", "Access-Control-Request-Headers"]
     Content type = null
             Body = 
    Forwarded URL = null
   Redirected URL = null
          Cookies = []
]]></system-out>
  <system-err><![CDATA[]]></system-err>
</testsuite>
